Using pre-set license
Built from '2020.3/release' branch; Version is '2020.3.15f2 (6cf78cb77498) revision 7141260'; Using compiler version '192528614'; Build Type 'Release'
OS: 'Windows 10 Home; OS build 19044.1889; Version 2009; 64bit' Language: 'zh' Physical Memory: 16323 MB
BatchMode: 1, IsHumanControllingUs: 0, StartBugReporterOnCrash: 0, Is64bit: 1, IsPro: 0

 COMMAND LINE ARGUMENTS:
C:\Program Files\2020.3.15f2\Editor\Unity.exe
-adb2
-batchMode
-noUpm
-name
AssetImportWorker0
-projectPath
C:/Users/User/Desktop/Sourcetree/nono/Nonogram
-logFile
Logs/AssetImportWorker0.log
-srvPort
1340
Successfully changed project path to: C:/Users/User/Desktop/Sourcetree/nono/Nonogram
C:/Users/User/Desktop/Sourcetree/nono/Nonogram
Using Asset Import Pipeline V2.
Refreshing native plugins compatible for Editor in 35.85 ms, found 3 plugins.
Preloading 0 native plugins for Editor in 0.00 ms.
Initialize engine version: 2020.3.15f2 (6cf78cb77498)
[Subsystems] Discovering subsystems at path C:/Program Files/2020.3.15f2/Editor/Data/Resources/UnitySubsystems
[Subsystems] Discovering subsystems at path C:/Users/User/Desktop/Sourcetree/nono/Nonogram/Assets
GfxDevice: creating device client; threaded=0
Direct3D:
    Version:  Direct3D 11.0 [level 11.1]
    Renderer: NVIDIA GeForce GTX 1060 6GB (ID=0x1b83)
    Vendor:   
    VRAM:     6052 MB
    Driver:   30.0.15.1215
Initialize mono
Mono path[0] = 'C:/Program Files/2020.3.15f2/Editor/Data/Managed'
Mono path[1] = 'C:/Program Files/2020.3.15f2/Editor/Data/MonoBleedingEdge/lib/mono/unityjit'
Mono config path = 'C:/Program Files/2020.3.15f2/Editor/Data/MonoBleedingEdge/etc'
Using monoOptions --debugger-agent=transport=dt_socket,embedding=1,server=y,suspend=n,address=127.0.0.1:56876
Begin MonoManager ReloadAssembly
Registering precompiled unity dll's ...
Register platform support module: C:/Program Files/2020.3.15f2/Editor/Data/PlaybackEngines/WebGLSupport/UnityEditor.WebGL.Extensions.dll
Register platform support module: C:/Program Files/2020.3.15f2/Editor/Data/PlaybackEngines/WindowsStandaloneSupport/UnityEditor.WindowsStandalone.Extensions.dll
Registered in 0.002209 seconds.
Native extension for WindowsStandalone target not found
Native extension for WebGL target not found
Refreshing native plugins compatible for Editor in 33.38 ms, found 3 plugins.
Preloading 0 native plugins for Editor in 0.00 ms.
Mono: successfully reloaded assembly
- Completed reload, in  1.812 seconds
Domain Reload Profiling:
	ReloadAssembly (1813ms)
		BeginReloadAssembly (46ms)
			ExecutionOrderSort (0ms)
			DisableScriptedObjects (0ms)
			BackupInstance (0ms)
			ReleaseScriptingObjects (0ms)
			CreateAndSetChildDomain (1ms)
		EndReloadAssembly (344ms)
			LoadAssemblies (44ms)
			RebuildTransferFunctionScriptingTraits (0ms)
			SetupTypeCache (124ms)
			ReleaseScriptCaches (0ms)
			RebuildScriptCaches (26ms)
			SetupLoadedEditorAssemblies (135ms)
				LogAssemblyErrors (0ms)
				InitializePlatformSupportModulesInManaged (4ms)
				SetLoadedEditorAssemblies (0ms)
				RefreshPlugins (33ms)
				BeforeProcessingInitializeOnLoad (12ms)
				ProcessInitializeOnLoadAttributes (63ms)
				ProcessInitializeOnLoadMethodAttributes (22ms)
				AfterProcessingInitializeOnLoad (0ms)
				EditorAssembliesLoaded (0ms)
			ExecutionOrderSort2 (0ms)
			AwakeInstancesAfterBackupRestoration (0ms)
Platform modules already initialized, skipping
Registering precompiled user dll's ...
Registered in 0.004167 seconds.
Begin MonoManager ReloadAssembly
Native extension for WindowsStandalone target not found
Native extension for WebGL target not found
Refreshing native plugins compatible for Editor in 33.49 ms, found 3 plugins.
Preloading 0 native plugins for Editor in 0.00 ms.
Mono: successfully reloaded assembly
- Completed reload, in  0.998 seconds
Domain Reload Profiling:
	ReloadAssembly (999ms)
		BeginReloadAssembly (121ms)
			ExecutionOrderSort (0ms)
			DisableScriptedObjects (4ms)
			BackupInstance (0ms)
			ReleaseScriptingObjects (0ms)
			CreateAndSetChildDomain (15ms)
		EndReloadAssembly (826ms)
			LoadAssemblies (77ms)
			RebuildTransferFunctionScriptingTraits (0ms)
			SetupTypeCache (245ms)
			ReleaseScriptCaches (0ms)
			RebuildScriptCaches (40ms)
			SetupLoadedEditorAssemblies (361ms)
				LogAssemblyErrors (0ms)
				InitializePlatformSupportModulesInManaged (4ms)
				SetLoadedEditorAssemblies (0ms)
				RefreshPlugins (34ms)
				BeforeProcessingInitializeOnLoad (77ms)
				ProcessInitializeOnLoadAttributes (230ms)
				ProcessInitializeOnLoadMethodAttributes (10ms)
				AfterProcessingInitializeOnLoad (6ms)
				EditorAssembliesLoaded (0ms)
			ExecutionOrderSort2 (0ms)
			AwakeInstancesAfterBackupRestoration (5ms)
Platform modules already initialized, skipping
========================================================================
Worker process is ready to serve import requests
Launched and connected shader compiler UnityShaderCompiler.exe after 0.05 seconds
Refreshing native plugins compatible for Editor in 0.38 ms, found 3 plugins.
Preloading 0 native plugins for Editor in 0.00 ms.
Unloading 2093 Unused Serialized files (Serialized files now loaded: 0)
System memory in use before: 96.2 MB.
System memory in use after: 96.2 MB.

Unloading 33 unused Assets to reduce memory usage. Loaded Objects now: 2531.
Total: 2.448000 ms (FindLiveObjects: 0.156700 ms CreateObjectMapping: 0.062400 ms MarkObjects: 2.113700 ms  DeleteObjects: 0.114100 ms)

AssetImportParameters requested are different than current active one (requested -> active):
  custom:framework-win-MediaFoundation: 216162199b28c13a410421893ffa2e32 -> 
  custom:video-decoder-ogg-theora: a1e56fd34408186e4bbccfd4996cb3dc -> 
  custom:container-muxer-webm: aa71ff27fc2769a1b78a27578f13a17b -> 
  custom:container-demuxer-webm: 4f35f7cbe854078d1ac9338744f61a02 -> 
  custom:container-demuxer-ogg: 62fdf1f143b41e24485cea50d1cbac27 -> 
  custom:video-encoder-webm-vp8: eb34c28f22e8b96e1ab97ce403110664 -> 
  custom:video-decoder-webm-vp8: 9c59270c3fd7afecdb556c50c9e8de78 -> 
  custom:audio-decoder-ogg-vorbis: bf7c407c2cedff20999df2af8eb42d56 -> 
  custom:audio-encoder-webm-vorbis: bf7c407c2cedff20999df2af8eb42d56 -> 
========================================================================
Received Import Request.
  path: Assets/素材
  artifactKey: Guid(5eab22c923a406d419430e29b05fc3cc) Importer(815301076,1909f56bfc062723c751e8b465ee728b)
Start importing Assets/素材 using Guid(5eab22c923a406d419430e29b05fc3cc) Importer(815301076,1909f56bfc062723c751e8b465ee728b)  -> (artifact id: '00d90b9dde6b19e8bfca1bef54c981cb') in 0.006742 seconds 
  Import took 0.009354 seconds .

========================================================================
Received Import Request.
  Time since last request: 12.808433 seconds.
  path: Assets/素材/tileset_legacy.png
  artifactKey: Guid(db57291ad0475034b9508b9eb4a9a4f8) Importer(815301076,1909f56bfc062723c751e8b465ee728b)
Start importing Assets/素材/tileset_legacy.png using Guid(db57291ad0475034b9508b9eb4a9a4f8) Importer(815301076,1909f56bfc062723c751e8b465ee728b)  -> (artifact id: '3df83d90fb6f884e1f6ac4c7e0d72e27') in 0.125593 seconds 
  Import took 0.128416 seconds .

========================================================================
Received Import Request.
  Time since last request: 13.383777 seconds.
  path: Assets/素材/colored-transparent.png
  artifactKey: Guid(292e22d1b1f63f3498fcf3118091eabb) Importer(815301076,1909f56bfc062723c751e8b465ee728b)
Start importing Assets/素材/colored-transparent.png using Guid(292e22d1b1f63f3498fcf3118091eabb) Importer(815301076,1909f56bfc062723c751e8b465ee728b)  -> (artifact id: '9d54f8c1382666e2ab559648f5988aed') in 0.023707 seconds 
  Import took 0.026714 seconds .

========================================================================
Received Import Request.
  Time since last request: 0.000199 seconds.
  path: Assets/素材/colored.png
  artifactKey: Guid(90d93c2bdc566f842be4b83c8afa3661) Importer(815301076,1909f56bfc062723c751e8b465ee728b)
Start importing Assets/素材/colored.png using Guid(90d93c2bdc566f842be4b83c8afa3661) Importer(815301076,1909f56bfc062723c751e8b465ee728b)  -> (artifact id: '056a2bb5793584c5366f1294f2a7fe34') in 0.012576 seconds 
  Import took 0.015412 seconds .

========================================================================
Received Import Request.
  Time since last request: 0.000249 seconds.
  path: Assets/素材/monochrome-transparent_packed.png
  artifactKey: Guid(7d91ac783a1d5554195faee67d167f41) Importer(815301076,1909f56bfc062723c751e8b465ee728b)
Start importing Assets/素材/monochrome-transparent_packed.png using Guid(7d91ac783a1d5554195faee67d167f41) Importer(815301076,1909f56bfc062723c751e8b465ee728b)  -> (artifact id: 'f73b6521a1a15ef9e00db4b21831a47c') in 0.012958 seconds 
  Import took 0.015687 seconds .

========================================================================
Received Import Request.
  Time since last request: 0.000196 seconds.
  path: Assets/素材/colored-transparent_packed.png
  artifactKey: Guid(b124c7a9753e0c241a3cc78ffc890d08) Importer(815301076,1909f56bfc062723c751e8b465ee728b)
Start importing Assets/素材/colored-transparent_packed.png using Guid(b124c7a9753e0c241a3cc78ffc890d08) Importer(815301076,1909f56bfc062723c751e8b465ee728b)  -> (artifact id: 'b34da7a07228cba4f3bd9249c0da323f') in 0.015278 seconds 
  Import took 0.017891 seconds .

========================================================================
Received Import Request.
  Time since last request: 0.000261 seconds.
  path: Assets/素材/monochrome.png
  artifactKey: Guid(e5c641366cce90b4288f9f5d942d5b8a) Importer(815301076,1909f56bfc062723c751e8b465ee728b)
Start importing Assets/素材/monochrome.png using Guid(e5c641366cce90b4288f9f5d942d5b8a) Importer(815301076,1909f56bfc062723c751e8b465ee728b)  -> (artifact id: 'f7615d36b614a0985f8d04f8995dd6bf') in 0.011739 seconds 
  Import took 0.014442 seconds .

========================================================================
Received Import Request.
  Time since last request: 0.000166 seconds.
  path: Assets/素材/colored_packed.png
  artifactKey: Guid(c76d418c93e6a5b40901cbd34c519979) Importer(815301076,1909f56bfc062723c751e8b465ee728b)
Start importing Assets/素材/colored_packed.png using Guid(c76d418c93e6a5b40901cbd34c519979) Importer(815301076,1909f56bfc062723c751e8b465ee728b)  -> (artifact id: 'a6c7d6e91e361895a73830380c154ac1') in 0.015362 seconds 
  Import took 0.018191 seconds .

========================================================================
Received Import Request.
  Time since last request: 0.000245 seconds.
  path: Assets/素材/monochrome_packed.png
  artifactKey: Guid(ff02e1fb28ef3644993b188234a5972b) Importer(815301076,1909f56bfc062723c751e8b465ee728b)
Start importing Assets/素材/monochrome_packed.png using Guid(ff02e1fb28ef3644993b188234a5972b) Importer(815301076,1909f56bfc062723c751e8b465ee728b)  -> (artifact id: 'fbee27387b5ff815ce16cd7ee5a6ce45') in 0.012179 seconds 
  Import took 0.014998 seconds .

========================================================================
Received Import Request.
  Time since last request: 0.000195 seconds.
  path: Assets/素材/colored_packed.png
  artifactKey: Guid(c76d418c93e6a5b40901cbd34c519979) Importer(815301076,1909f56bfc062723c751e8b465ee728b)
Start importing Assets/素材/colored_packed.png using Guid(c76d418c93e6a5b40901cbd34c519979) Importer(815301076,1909f56bfc062723c751e8b465ee728b)  -> (artifact id: 'a6c7d6e91e361895a73830380c154ac1') in 0.011449 seconds 
  Import took 0.014032 seconds .

========================================================================
Received Import Request.
  Time since last request: 0.000165 seconds.
  path: Assets/素材/monochrome-transparent.png
  artifactKey: Guid(189b61cd73e5e3e4eb237ca6d07dbff1) Importer(815301076,1909f56bfc062723c751e8b465ee728b)
Start importing Assets/素材/monochrome-transparent.png using Guid(189b61cd73e5e3e4eb237ca6d07dbff1) Importer(815301076,1909f56bfc062723c751e8b465ee728b)  -> (artifact id: '312a6d73e0e21238bb55530133deb8ee') in 0.014202 seconds 
  Import took 0.016991 seconds .

========================================================================
Received Import Request.
  Time since last request: 12.623514 seconds.
  path: Assets/素材/素材庫1
  artifactKey: Guid(fb7cf1bd05205974c934095ce9898449) Importer(815301076,1909f56bfc062723c751e8b465ee728b)
Start importing Assets/素材/素材庫1 using Guid(fb7cf1bd05205974c934095ce9898449) Importer(815301076,1909f56bfc062723c751e8b465ee728b)  -> (artifact id: '332e63467874a1932e56e0a5ca4858a3') in 0.005554 seconds 
  Import took 0.008612 seconds .

========================================================================
Received Import Request.
  Time since last request: 12.491432 seconds.
  path: Assets/素材/素材庫2
  artifactKey: Guid(54ad51f603b4a0041984d7349d2c66ca) Importer(815301076,1909f56bfc062723c751e8b465ee728b)
Start importing Assets/素材/素材庫2 using Guid(54ad51f603b4a0041984d7349d2c66ca) Importer(815301076,1909f56bfc062723c751e8b465ee728b)  -> (artifact id: '6d71cf9bc513f4ac9424ba3b196a0325') in 0.005907 seconds 
  Import took 0.008816 seconds .

AssetImportWorkerClient::OnTransportError - code=2 error=End of file
